android/app/build/intermediates/manifest_merge_blame_file/debug/manifest-merger-blame-debug-report.txt
1<?xml version="1.0" encoding="utf-8"?>
2<manifest xmlns:android="http://schemas.android.com/apk/res/android"
3    package="com.mapalarm"
4    android:versionCode="1"
5    android:versionName="1.0" >
6
7    <uses-sdk
8        android:minSdkVersion="16"
9        android:targetSdkVersion="28" />
10
11    <uses-permission android:name="android.permission.SYSTEM_ALERT_WINDOW" />
11-->src\debug\AndroidManifest.xml:5:5-77
11-->src\debug\AndroidManifest.xml:5:22-75
12    <uses-permission android:name="android.permission.VIBRATE" />
12-->src\main\AndroidManifest.xml:4:5-66
12-->src\main\AndroidManifest.xml:4:22-63
13    <uses-permission android:name="android.permission.RECEIVE_BOOT_COMPLETED" />
13-->src\main\AndroidManifest.xml:5:5-81
13-->src\main\AndroidManifest.xml:5:22-78
14    <uses-permission android:name="android.permission.ACCESS_FINE_LOCATION" />
14-->src\main\AndroidManifest.xml:6:5-79
14-->src\main\AndroidManifest.xml:6:22-76
15    <uses-permission android:name="android.permission.ACCESS_COARSE_LOCATION" />
15-->src\main\AndroidManifest.xml:7:5-81
15-->src\main\AndroidManifest.xml:7:22-78
16    <uses-permission android:name="android.permission.INTERNET" />
16-->src\main\AndroidManifest.xml:8:5-67
16-->src\main\AndroidManifest.xml:8:22-64
17    <uses-permission android:name="android.permission.ACCESS_NETWORK_STATE" />
17-->src\main\AndroidManifest.xml:9:5-79
17-->src\main\AndroidManifest.xml:9:22-76
18    <uses-permission android:name="android.permission.WRITE_EXTERNAL_STORAGE" />
18-->src\main\AndroidManifest.xml:10:5-81
18-->src\main\AndroidManifest.xml:10:22-78
19    <uses-permission android:name="android.permission.ACCESS_WIFI_STATE" />
19-->src\main\AndroidManifest.xml:11:5-76
19-->src\main\AndroidManifest.xml:11:22-73
20    <uses-permission android:name="android.hardware.location" />
20-->[:@mauron85_react-native-background-geolocation] AndroidManifest.xml:29:5-65
20-->[:@mauron85_react-native-background-geolocation] AndroidManifest.xml:29:22-62
21    <uses-permission android:name="android.permission.WAKE_LOCK" />
21-->[:@mauron85_react-native-background-geolocation] AndroidManifest.xml:31:5-68
21-->[:@mauron85_react-native-background-geolocation] AndroidManifest.xml:31:22-65
22    <uses-permission android:name="android.permission.ACCESS_LOCATION_EXTRA_COMMANDS" />
22-->[:@mauron85_react-native-background-geolocation] AndroidManifest.xml:35:5-89
22-->[:@mauron85_react-native-background-geolocation] AndroidManifest.xml:35:22-86
23    <uses-permission android:name="com.google.android.gms.permission.ACTIVITY_RECOGNITION" />
23-->[:@mauron85_react-native-background-geolocation] AndroidManifest.xml:36:5-94
23-->[:@mauron85_react-native-background-geolocation] AndroidManifest.xml:36:22-91
24    <uses-permission android:name="android.permission.READ_SYNC_SETTINGS" />
24-->[:@mauron85_react-native-background-geolocation] AndroidManifest.xml:38:5-77
24-->[:@mauron85_react-native-background-geolocation] AndroidManifest.xml:38:22-74
25    <uses-permission android:name="android.permission.WRITE_SYNC_SETTINGS" />
25-->[:@mauron85_react-native-background-geolocation] AndroidManifest.xml:39:5-78
25-->[:@mauron85_react-native-background-geolocation] AndroidManifest.xml:39:22-75
26    <uses-permission android:name="android.permission.AUTHENTICATE_ACCOUNTS" />
26-->[:@mauron85_react-native-background-geolocation] AndroidManifest.xml:40:5-80
26-->[:@mauron85_react-native-background-geolocation] AndroidManifest.xml:40:22-77
27    <uses-permission android:name="android.permission.FOREGROUND_SERVICE" />
27-->[:@mauron85_react-native-background-geolocation] AndroidManifest.xml:41:5-77
27-->[:@mauron85_react-native-background-geolocation] AndroidManifest.xml:41:22-74
28
29    <uses-feature
29-->[com.google.android.gms:play-services-maps:17.0.0] AndroidManifest.xml:26:5-28:35
30        android:glEsVersion="0x00020000"
30-->[com.google.android.gms:play-services-maps:17.0.0] AndroidManifest.xml:27:9-41
31        android:required="true" /> <!-- Required by older versions of Google Play services to create IID tokens -->
31-->[com.google.android.gms:play-services-maps:17.0.0] AndroidManifest.xml:28:9-32
32    <uses-permission android:name="com.google.android.c2dm.permission.RECEIVE" />
32-->[com.google.firebase:firebase-iid:19.0.0] AndroidManifest.xml:26:5-82
32-->[com.google.firebase:firebase-iid:19.0.0] AndroidManifest.xml:26:22-79
33    <uses-permission android:name="com.google.android.finsky.permission.BIND_GET_INSTALL_REFERRER_SERVICE" />
33-->[com.google.android.gms:play-services-measurement:17.2.1] AndroidManifest.xml:26:5-110
33-->[com.google.android.gms:play-services-measurement:17.2.1] AndroidManifest.xml:26:22-107
34
35    <supports-screens
35-->[org.osmdroid:osmdroid-android:6.1.2] AndroidManifest.xml:11:5-14:40
36        android:anyDensity="true"
36-->[org.osmdroid:osmdroid-android:6.1.2] AndroidManifest.xml:12:9-34
37        android:largeScreens="true"
37-->[org.osmdroid:osmdroid-android:6.1.2] AndroidManifest.xml:13:9-36
38        android:normalScreens="true" />
38-->[org.osmdroid:osmdroid-android:6.1.2] AndroidManifest.xml:14:9-37
39
40    <uses-feature
40-->[org.osmdroid:osmdroid-android:6.1.2] AndroidManifest.xml:16:5-18:36
41        android:name="android.hardware.location.network"
41-->[org.osmdroid:osmdroid-android:6.1.2] AndroidManifest.xml:17:9-57
42        android:required="false" />
42-->[org.osmdroid:osmdroid-android:6.1.2] AndroidManifest.xml:18:9-33
43    <uses-feature
43-->[org.osmdroid:osmdroid-android:6.1.2] AndroidManifest.xml:19:5-21:36
44        android:name="android.hardware.location.gps"
44-->[org.osmdroid:osmdroid-android:6.1.2] AndroidManifest.xml:20:9-53
45        android:required="false" />
45-->[org.osmdroid:osmdroid-android:6.1.2] AndroidManifest.xml:21:9-33
46    <uses-feature
46-->[org.osmdroid:osmdroid-android:6.1.2] AndroidManifest.xml:22:5-24:36
47        android:name="android.hardware.telephony"
47-->[org.osmdroid:osmdroid-android:6.1.2] AndroidManifest.xml:23:9-50
48        android:required="false" />
48-->[org.osmdroid:osmdroid-android:6.1.2] AndroidManifest.xml:24:9-33
49    <uses-feature
49-->[org.osmdroid:osmdroid-android:6.1.2] AndroidManifest.xml:25:5-27:36
50        android:name="android.hardware.wifi"
50-->[org.osmdroid:osmdroid-android:6.1.2] AndroidManifest.xml:26:9-45
51        android:required="false" />
51-->[org.osmdroid:osmdroid-android:6.1.2] AndroidManifest.xml:27:9-33
52
53    <application
53-->src\main\AndroidManifest.xml:13:5-43:19
54        android:name="com.mapalarm.MainApplication"
54-->src\main\AndroidManifest.xml:14:7-38
55        android:allowBackup="false"
55-->src\main\AndroidManifest.xml:18:7-34
56        android:appComponentFactory="androidx.core.app.CoreComponentFactory"
56-->[androidx.core:core:1.1.0] AndroidManifest.xml:24:18-86
57        android:debuggable="true"
58        android:icon="@mipmap/ic_launcher"
58-->src\main\AndroidManifest.xml:16:7-41
59        android:label="@string/app_name"
59-->src\main\AndroidManifest.xml:15:7-39
60        android:roundIcon="@mipmap/ic_launcher_round"
60-->src\main\AndroidManifest.xml:17:7-52
61        android:theme="@style/AppTheme"
61-->src\main\AndroidManifest.xml:19:7-38
62        android:usesCleartextTraffic="true" >
62-->src\debug\AndroidManifest.xml:7:18-53
63        <meta-data
63-->src\main\AndroidManifest.xml:20:7-22:63
64            android:name="com.google.android.geo.API_KEY"
64-->src\main\AndroidManifest.xml:21:6-51
65            android:value="AIzaSyAJBeik7x5EjWfaJRA0KPnALv0iOIZbX0M" />
65-->src\main\AndroidManifest.xml:22:6-61
66
67        <uses-library
67-->src\main\AndroidManifest.xml:23:6-84
68            android:name="org.apache.http.legacy"
68-->src\main\AndroidManifest.xml:23:20-57
69            android:required="false" />
69-->src\main\AndroidManifest.xml:23:58-82
70
71        <activity
71-->src\main\AndroidManifest.xml:24:7-34:18
72            android:name="com.mapalarm.MainActivity"
72-->src\main\AndroidManifest.xml:25:9-37
73            android:configChanges="keyboard|keyboardHidden|orientation|screenSize|uiMode"
73-->src\main\AndroidManifest.xml:27:9-86
74            android:label="@string/app_name"
74-->src\main\AndroidManifest.xml:26:9-41
75            android:launchMode="singleTask"
75-->src\main\AndroidManifest.xml:28:9-40
76            android:windowSoftInputMode="adjustResize" >
76-->src\main\AndroidManifest.xml:29:9-51
77            <intent-filter>
77-->src\main\AndroidManifest.xml:30:9-33:25
78                <action android:name="android.intent.action.MAIN" />
78-->src\main\AndroidManifest.xml:31:13-65
78-->src\main\AndroidManifest.xml:31:21-62
79
80                <category android:name="android.intent.category.LAUNCHER" />
80-->src\main\AndroidManifest.xml:32:13-73
80-->src\main\AndroidManifest.xml:32:23-70
81            </intent-filter>
82        </activity>
83        <activity android:name="com.facebook.react.devsupport.DevSettingsActivity" />
83-->src\main\AndroidManifest.xml:35:7-84
83-->src\main\AndroidManifest.xml:35:17-81
84
85        <receiver android:name="com.reactlibraryamik.MapAlarmReciver" />
85-->src\main\AndroidManifest.xml:37:7-71
85-->src\main\AndroidManifest.xml:37:17-68
86        <receiver android:name="com.reactlibraryamik.MapAlarmSchedulerReciver" >
86-->src\main\AndroidManifest.xml:38:9-42:20
86-->src\main\AndroidManifest.xml:38:19-79
87            <intent-filter>
87-->src\main\AndroidManifest.xml:39:13-41:29
88                <action android:name="android.intent.action.BOOT_COMPLETED" />
88-->src\main\AndroidManifest.xml:40:17-79
88-->src\main\AndroidManifest.xml:40:25-76
89            </intent-filter>
90        </receiver>
91
92        <service
92-->[:@mauron85_react-native-background-geolocation] AndroidManifest.xml:44:9-55:19
93            android:name="com.marianhello.bgloc.sync.SyncService"
93-->[:@mauron85_react-native-background-geolocation] AndroidManifest.xml:45:13-66
94            android:exported="true"
94-->[:@mauron85_react-native-background-geolocation] AndroidManifest.xml:46:13-36
95            android:process=":sync" >
95-->[:@mauron85_react-native-background-geolocation] AndroidManifest.xml:47:13-36
96            <intent-filter>
96-->[:@mauron85_react-native-background-geolocation] AndroidManifest.xml:48:13-50:29
97                <action android:name="android.content.SyncAdapter" />
97-->[:@mauron85_react-native-background-geolocation] AndroidManifest.xml:49:17-70
97-->[:@mauron85_react-native-background-geolocation] AndroidManifest.xml:49:25-67
98            </intent-filter>
99
100            <meta-data
100-->[:@mauron85_react-native-background-geolocation] AndroidManifest.xml:52:13-54:55
101                android:name="android.content.SyncAdapter"
101-->[:@mauron85_react-native-background-geolocation] AndroidManifest.xml:53:17-59
102                android:resource="@xml/syncadapter" />
102-->[:@mauron85_react-native-background-geolocation] AndroidManifest.xml:54:17-52
103        </service>
104        <service android:name="com.marianhello.bgloc.sync.AuthenticatorService" >
104-->[:@mauron85_react-native-background-geolocation] AndroidManifest.xml:56:9-64:19
104-->[:@mauron85_react-native-background-geolocation] AndroidManifest.xml:56:18-80
105            <intent-filter>
105-->[:@mauron85_react-native-background-geolocation] AndroidManifest.xml:57:13-59:29
106                <action android:name="android.accounts.AccountAuthenticator" />
106-->[:@mauron85_react-native-background-geolocation] AndroidManifest.xml:58:17-80
106-->[:@mauron85_react-native-background-geolocation] AndroidManifest.xml:58:25-77
107            </intent-filter>
108
109            <meta-data
109-->[:@mauron85_react-native-background-geolocation] AndroidManifest.xml:61:13-63:57
110                android:name="android.accounts.AccountAuthenticator"
110-->[:@mauron85_react-native-background-geolocation] AndroidManifest.xml:62:17-69
111                android:resource="@xml/authenticator" />
111-->[:@mauron85_react-native-background-geolocation] AndroidManifest.xml:63:17-54
112        </service>
113
114        <provider
114-->[:@mauron85_react-native-background-geolocation] AndroidManifest.xml:66:9-70:39
115            android:name="com.marianhello.bgloc.data.provider.LocationContentProvider"
115-->[:@mauron85_react-native-background-geolocation] AndroidManifest.xml:67:13-87
116            android:authorities="@string/mauron85_bgloc_content_authority"
116-->[:@mauron85_react-native-background-geolocation] AndroidManifest.xml:68:13-75
117            android:exported="false"
117-->[:@mauron85_react-native-background-geolocation] AndroidManifest.xml:69:13-37
118            android:syncable="true" />
118-->[:@mauron85_react-native-background-geolocation] AndroidManifest.xml:70:13-36
119
120        <service
120-->[:@mauron85_react-native-background-geolocation] AndroidManifest.xml:72:9-75:40
121            android:name="com.marianhello.bgloc.service.LocationServiceImpl"
121-->[:@mauron85_react-native-background-geolocation] AndroidManifest.xml:73:13-77
122            android:enabled="true"
122-->[:@mauron85_react-native-background-geolocation] AndroidManifest.xml:74:13-35
123            android:exported="false" />
123-->[:@mauron85_react-native-background-geolocation] AndroidManifest.xml:75:13-37
124        <service
124-->[:@mauron85_react-native-background-geolocation] AndroidManifest.xml:76:9-79:40
125            android:name="com.marianhello.bgloc.react.headless.HeadlessService"
125-->[:@mauron85_react-native-background-geolocation] AndroidManifest.xml:77:13-80
126            android:enabled="true"
126-->[:@mauron85_react-native-background-geolocation] AndroidManifest.xml:78:13-35
127            android:exported="false" />
127-->[:@mauron85_react-native-background-geolocation] AndroidManifest.xml:79:13-37
128
129        <receiver
129-->[:@mauron85_react-native-background-geolocation] AndroidManifest.xml:81:9-88:20
130            android:name="com.marianhello.bgloc.BootCompletedReceiver"
130-->[:@mauron85_react-native-background-geolocation] AndroidManifest.xml:82:13-71
131            android:enabled="true"
131-->[:@mauron85_react-native-background-geolocation] AndroidManifest.xml:83:13-35
132            android:exported="true" >
132-->[:@mauron85_react-native-background-geolocation] AndroidManifest.xml:84:13-36
133            <intent-filter>
133-->src\main\AndroidManifest.xml:39:13-41:29
134                <action android:name="android.intent.action.BOOT_COMPLETED" />
134-->src\main\AndroidManifest.xml:40:17-79
134-->src\main\AndroidManifest.xml:40:25-76
135            </intent-filter>
136        </receiver>
137
138        <activity
138-->[com.google.firebase:firebase-auth:19.1.0] AndroidManifest.xml:24:9-31:50
139            android:name="com.google.firebase.auth.internal.FederatedSignInActivity"
139-->[com.google.firebase:firebase-auth:19.1.0] AndroidManifest.xml:25:13-85
140            android:excludeFromRecents="true"
140-->[com.google.firebase:firebase-auth:19.1.0] AndroidManifest.xml:26:13-46
141            android:exported="true"
141-->[com.google.firebase:firebase-auth:19.1.0] AndroidManifest.xml:27:13-36
142            android:launchMode="singleTask"
142-->[com.google.firebase:firebase-auth:19.1.0] AndroidManifest.xml:28:13-44
143            android:permission="com.google.firebase.auth.api.gms.permission.LAUNCH_FEDERATED_SIGN_IN"
143-->[com.google.firebase:firebase-auth:19.1.0] AndroidManifest.xml:29:13-102
144            android:theme="@android:style/Theme.Translucent.NoTitleBar" />
144-->[com.google.firebase:firebase-auth:19.1.0] AndroidManifest.xml:30:13-72
145
146        <service
146-->[com.google.firebase:firebase-auth:19.1.0] AndroidManifest.xml:33:9-39:19
147            android:name="com.google.firebase.components.ComponentDiscoveryService"
147-->[com.google.firebase:firebase-auth:19.1.0] AndroidManifest.xml:34:13-84
148            android:exported="false" >
148-->[com.google.firebase:firebase-auth:19.1.0] AndroidManifest.xml:35:13-37
149            <meta-data
149-->[com.google.firebase:firebase-auth:19.1.0] AndroidManifest.xml:36:13-38:85
150                android:name="com.google.firebase.components:com.google.firebase.auth.FirebaseAuthRegistrar"
150-->[com.google.firebase:firebase-auth:19.1.0] AndroidManifest.xml:37:17-109
151                android:value="com.google.firebase.components.ComponentRegistrar" />
151-->[com.google.firebase:firebase-auth:19.1.0] AndroidManifest.xml:38:17-82
152            <meta-data
152-->[com.google.android.gms:play-services-measurement-api:17.2.1] AndroidManifest.xml:30:13-32:85
153                android:name="com.google.firebase.components:com.google.firebase.analytics.connector.internal.AnalyticsConnectorRegistrar"
153-->[com.google.android.gms:play-services-measurement-api:17.2.1] AndroidManifest.xml:31:17-139
154                android:value="com.google.firebase.components.ComponentRegistrar" />
154-->[com.google.android.gms:play-services-measurement-api:17.2.1] AndroidManifest.xml:32:17-82
155            <meta-data
155-->[com.google.firebase:firebase-iid:19.0.0] AndroidManifest.xml:32:13-34:85
156                android:name="com.google.firebase.components:com.google.firebase.iid.Registrar"
156-->[com.google.firebase:firebase-iid:19.0.0] AndroidManifest.xml:33:17-96
157                android:value="com.google.firebase.components.ComponentRegistrar" />
157-->[com.google.firebase:firebase-iid:19.0.0] AndroidManifest.xml:34:17-82
158        </service>
159
160        <receiver
160-->[com.google.firebase:firebase-iid:19.0.0] AndroidManifest.xml:37:9-44:20
161            android:name="com.google.firebase.iid.FirebaseInstanceIdReceiver"
161-->[com.google.firebase:firebase-iid:19.0.0] AndroidManifest.xml:38:13-78
162            android:exported="true"
162-->[com.google.firebase:firebase-iid:19.0.0] AndroidManifest.xml:39:13-36
163            android:permission="com.google.android.c2dm.permission.SEND" >
163-->[com.google.firebase:firebase-iid:19.0.0] AndroidManifest.xml:40:13-73
164            <intent-filter>
164-->[com.google.firebase:firebase-iid:19.0.0] AndroidManifest.xml:41:13-43:29
165                <action android:name="com.google.android.c2dm.intent.RECEIVE" />
165-->[com.google.firebase:firebase-iid:19.0.0] AndroidManifest.xml:42:17-81
165-->[com.google.firebase:firebase-iid:19.0.0] AndroidManifest.xml:42:25-78
166            </intent-filter>
167        </receiver>
168
169        <activity
169-->[com.google.android.gms:play-services-base:17.1.0] AndroidManifest.xml:23:9-26:75
170            android:name="com.google.android.gms.common.api.GoogleApiActivity"
170-->[com.google.android.gms:play-services-base:17.1.0] AndroidManifest.xml:24:13-79
171            android:exported="false"
171-->[com.google.android.gms:play-services-base:17.1.0] AndroidManifest.xml:25:13-37
172            android:theme="@android:style/Theme.Translucent.NoTitleBar" />
172-->[com.google.android.gms:play-services-base:17.1.0] AndroidManifest.xml:26:13-72
173
174        <provider
174-->[com.google.firebase:firebase-common:19.0.0] AndroidManifest.xml:12:9-16:39
175            android:name="com.google.firebase.provider.FirebaseInitProvider"
175-->[com.google.firebase:firebase-common:19.0.0] AndroidManifest.xml:13:13-77
176            android:authorities="com.mapalarm.firebaseinitprovider"
176-->[com.google.firebase:firebase-common:19.0.0] AndroidManifest.xml:14:13-72
177            android:exported="false"
177-->[com.google.firebase:firebase-common:19.0.0] AndroidManifest.xml:15:13-37
178            android:initOrder="100" />
178-->[com.google.firebase:firebase-common:19.0.0] AndroidManifest.xml:16:13-36
179
180        <receiver
180-->[com.google.android.gms:play-services-measurement:17.2.1] AndroidManifest.xml:29:9-33:20
181            android:name="com.google.android.gms.measurement.AppMeasurementReceiver"
181-->[com.google.android.gms:play-services-measurement:17.2.1] AndroidManifest.xml:30:13-85
182            android:enabled="true"
182-->[com.google.android.gms:play-services-measurement:17.2.1] AndroidManifest.xml:31:13-35
183            android:exported="false" >
183-->[com.google.android.gms:play-services-measurement:17.2.1] AndroidManifest.xml:32:13-37
184        </receiver>
185        <receiver
185-->[com.google.android.gms:play-services-measurement:17.2.1] AndroidManifest.xml:34:9-42:20
186            android:name="com.google.android.gms.measurement.AppMeasurementInstallReferrerReceiver"
186-->[com.google.android.gms:play-services-measurement:17.2.1] AndroidManifest.xml:35:13-100
187            android:enabled="true"
187-->[com.google.android.gms:play-services-measurement:17.2.1] AndroidManifest.xml:36:13-35
188            android:exported="true"
188-->[com.google.android.gms:play-services-measurement:17.2.1] AndroidManifest.xml:37:13-36
189            android:permission="android.permission.INSTALL_PACKAGES" >
189-->[com.google.android.gms:play-services-measurement:17.2.1] AndroidManifest.xml:38:13-69
190            <intent-filter>
190-->[com.google.android.gms:play-services-measurement:17.2.1] AndroidManifest.xml:39:13-41:29
191                <action android:name="com.android.vending.INSTALL_REFERRER" />
191-->[com.google.android.gms:play-services-measurement:17.2.1] AndroidManifest.xml:40:17-79
191-->[com.google.android.gms:play-services-measurement:17.2.1] AndroidManifest.xml:40:25-76
192            </intent-filter>
193        </receiver>
194
195        <service
195-->[com.google.android.gms:play-services-measurement:17.2.1] AndroidManifest.xml:44:9-47:40
196            android:name="com.google.android.gms.measurement.AppMeasurementService"
196-->[com.google.android.gms:play-services-measurement:17.2.1] AndroidManifest.xml:45:13-84
197            android:enabled="true"
197-->[com.google.android.gms:play-services-measurement:17.2.1] AndroidManifest.xml:46:13-35
198            android:exported="false" />
198-->[com.google.android.gms:play-services-measurement:17.2.1] AndroidManifest.xml:47:13-37
199        <service
199-->[com.google.android.gms:play-services-measurement:17.2.1] AndroidManifest.xml:48:9-52:72
200            android:name="com.google.android.gms.measurement.AppMeasurementJobService"
200-->[com.google.android.gms:play-services-measurement:17.2.1] AndroidManifest.xml:49:13-87
201            android:enabled="true"
201-->[com.google.android.gms:play-services-measurement:17.2.1] AndroidManifest.xml:50:13-35
202            android:exported="false"
202-->[com.google.android.gms:play-services-measurement:17.2.1] AndroidManifest.xml:51:13-37
203            android:permission="android.permission.BIND_JOB_SERVICE" />
203-->[com.google.android.gms:play-services-measurement:17.2.1] AndroidManifest.xml:52:13-69
204
205        <meta-data
205-->[com.google.android.gms:play-services-basement:17.0.0] AndroidManifest.xml:23:9-25:69
206            android:name="com.google.android.gms.version"
206-->[com.google.android.gms:play-services-basement:17.0.0] AndroidManifest.xml:24:13-58
207            android:value="@integer/google_play_services_version" />
207-->[com.google.android.gms:play-services-basement:17.0.0] AndroidManifest.xml:25:13-66
208
209        <provider
209-->[androidx.work:work-runtime:2.3.4] AndroidManifest.xml:31:9-37:35
210            android:name="androidx.work.impl.WorkManagerInitializer"
210-->[androidx.work:work-runtime:2.3.4] AndroidManifest.xml:32:13-69
211            android:authorities="com.mapalarm.workmanager-init"
211-->[androidx.work:work-runtime:2.3.4] AndroidManifest.xml:33:13-68
212            android:directBootAware="false"
212-->[androidx.work:work-runtime:2.3.4] AndroidManifest.xml:34:13-44
213            android:exported="false"
213-->[androidx.work:work-runtime:2.3.4] AndroidManifest.xml:35:13-37
214            android:multiprocess="true" />
214-->[androidx.work:work-runtime:2.3.4] AndroidManifest.xml:36:13-40
215
216        <service
216-->[androidx.work:work-runtime:2.3.4] AndroidManifest.xml:39:9-44:35
217            android:name="androidx.work.impl.background.systemalarm.SystemAlarmService"
217-->[androidx.work:work-runtime:2.3.4] AndroidManifest.xml:40:13-88
218            android:directBootAware="false"
218-->[androidx.work:work-runtime:2.3.4] AndroidManifest.xml:41:13-44
219            android:enabled="@bool/enable_system_alarm_service_default"
219-->[androidx.work:work-runtime:2.3.4] AndroidManifest.xml:42:13-72
220            android:exported="false" />
220-->[androidx.work:work-runtime:2.3.4] AndroidManifest.xml:43:13-37
221        <service
221-->[androidx.work:work-runtime:2.3.4] AndroidManifest.xml:45:9-51:35
222            android:name="androidx.work.impl.background.systemjob.SystemJobService"
222-->[androidx.work:work-runtime:2.3.4] AndroidManifest.xml:46:13-84
223            android:directBootAware="false"
223-->[androidx.work:work-runtime:2.3.4] AndroidManifest.xml:47:13-44
224            android:enabled="@bool/enable_system_job_service_default"
224-->[androidx.work:work-runtime:2.3.4] AndroidManifest.xml:48:13-70
225            android:exported="true"
225-->[androidx.work:work-runtime:2.3.4] AndroidManifest.xml:49:13-36
226            android:permission="android.permission.BIND_JOB_SERVICE" />
226-->[androidx.work:work-runtime:2.3.4] AndroidManifest.xml:50:13-69
227        <service
227-->[androidx.work:work-runtime:2.3.4] AndroidManifest.xml:52:9-57:35
228            android:name="androidx.work.impl.foreground.SystemForegroundService"
228-->[androidx.work:work-runtime:2.3.4] AndroidManifest.xml:53:13-81
229            android:directBootAware="false"
229-->[androidx.work:work-runtime:2.3.4] AndroidManifest.xml:54:13-44
230            android:enabled="@bool/enable_system_foreground_service_default"
230-->[androidx.work:work-runtime:2.3.4] AndroidManifest.xml:55:13-77
231            android:exported="false" />
231-->[androidx.work:work-runtime:2.3.4] AndroidManifest.xml:56:13-37
232
233        <receiver
233-->[androidx.work:work-runtime:2.3.4] AndroidManifest.xml:59:9-64:35
234            android:name="androidx.work.impl.utils.ForceStopRunnable$BroadcastReceiver"
234-->[androidx.work:work-runtime:2.3.4] AndroidManifest.xml:60:13-88
235            android:directBootAware="false"
235-->[androidx.work:work-runtime:2.3.4] AndroidManifest.xml:61:13-44
236            android:enabled="true"
236-->[androidx.work:work-runtime:2.3.4] AndroidManifest.xml:62:13-35
237            android:exported="false" />
237-->[androidx.work:work-runtime:2.3.4] AndroidManifest.xml:63:13-37
238        <receiver
238-->[androidx.work:work-runtime:2.3.4] AndroidManifest.xml:65:9-75:20
239            android:name="androidx.work.impl.background.systemalarm.ConstraintProxy$BatteryChargingProxy"
239-->[androidx.work:work-runtime:2.3.4] AndroidManifest.xml:66:13-106
240            android:directBootAware="false"
240-->[androidx.work:work-runtime:2.3.4] AndroidManifest.xml:67:13-44
241            android:enabled="false"
241-->[androidx.work:work-runtime:2.3.4] AndroidManifest.xml:68:13-36
242            android:exported="false" >
242-->[androidx.work:work-runtime:2.3.4] AndroidManifest.xml:69:13-37
243            <intent-filter>
243-->[androidx.work:work-runtime:2.3.4] AndroidManifest.xml:71:13-74:29
244                <action android:name="android.intent.action.ACTION_POWER_CONNECTED" />
244-->[androidx.work:work-runtime:2.3.4] AndroidManifest.xml:72:17-87
244-->[androidx.work:work-runtime:2.3.4] AndroidManifest.xml:72:25-84
245                <action android:name="android.intent.action.ACTION_POWER_DISCONNECTED" />
245-->[androidx.work:work-runtime:2.3.4] AndroidManifest.xml:73:17-90
245-->[androidx.work:work-runtime:2.3.4] AndroidManifest.xml:73:25-87
246            </intent-filter>
247        </receiver>
248        <receiver
248-->[androidx.work:work-runtime:2.3.4] AndroidManifest.xml:76:9-86:20
249            android:name="androidx.work.impl.background.systemalarm.ConstraintProxy$BatteryNotLowProxy"
249-->[androidx.work:work-runtime:2.3.4] AndroidManifest.xml:77:13-104
250            android:directBootAware="false"
250-->[androidx.work:work-runtime:2.3.4] AndroidManifest.xml:78:13-44
251            android:enabled="false"
251-->[androidx.work:work-runtime:2.3.4] AndroidManifest.xml:79:13-36
252            android:exported="false" >
252-->[androidx.work:work-runtime:2.3.4] AndroidManifest.xml:80:13-37
253            <intent-filter>
253-->[androidx.work:work-runtime:2.3.4] AndroidManifest.xml:82:13-85:29
254                <action android:name="android.intent.action.BATTERY_OKAY" />
254-->[androidx.work:work-runtime:2.3.4] AndroidManifest.xml:83:17-77
254-->[androidx.work:work-runtime:2.3.4] AndroidManifest.xml:83:25-74
255                <action android:name="android.intent.action.BATTERY_LOW" />
255-->[androidx.work:work-runtime:2.3.4] AndroidManifest.xml:84:17-76
255-->[androidx.work:work-runtime:2.3.4] AndroidManifest.xml:84:25-73
256            </intent-filter>
257        </receiver>
258        <receiver
258-->[androidx.work:work-runtime:2.3.4] AndroidManifest.xml:87:9-97:20
259            android:name="androidx.work.impl.background.systemalarm.ConstraintProxy$StorageNotLowProxy"
259-->[androidx.work:work-runtime:2.3.4] AndroidManifest.xml:88:13-104
260            android:directBootAware="false"
260-->[androidx.work:work-runtime:2.3.4] AndroidManifest.xml:89:13-44
261            android:enabled="false"
261-->[androidx.work:work-runtime:2.3.4] AndroidManifest.xml:90:13-36
262            android:exported="false" >
262-->[androidx.work:work-runtime:2.3.4] AndroidManifest.xml:91:13-37
263            <intent-filter>
263-->[androidx.work:work-runtime:2.3.4] AndroidManifest.xml:93:13-96:29
264                <action android:name="android.intent.action.DEVICE_STORAGE_LOW" />
264-->[androidx.work:work-runtime:2.3.4] AndroidManifest.xml:94:17-83
264-->[androidx.work:work-runtime:2.3.4] AndroidManifest.xml:94:25-80
265                <action android:name="android.intent.action.DEVICE_STORAGE_OK" />